<?xml version="1.0" encoding="UTF-8"?>
<testng-results ignored="0" total="5" passed="4" failed="1" skipped="0">
  <reporter-output>
  </reporter-output>
  <suite started-at="2024-04-21T17:45:38 IST" name="Default suite" finished-at="2024-04-21T17:45:52 IST" duration-ms="13481">
    <groups>
    </groups>
    <test started-at="2024-04-21T17:45:38 IST" name="Default test" finished-at="2024-04-21T17:45:52 IST" duration-ms="13481">
      <class name="com.tutorialsninja.qa.test.Login">
        <test-method signature="loginWithValidCredentials(java.lang.String,java.lang.String)[pri:1, instance:com.tutorialsninja.qa.test.Login@428640fa]" started-at="2024-04-21T17:45:39 IST" name="loginWithValidCredentials" data-provider="validCredentialsSuppliers" finished-at="2024-04-21T17:45:39 IST" duration-ms="0" status="FAIL">
          <exception class="java.lang.RuntimeException">
            <message>
              <![CDATA[java.lang.NullPointerException: Cannot invoke "org.apache.poi.xssf.usermodel.XSSFRow.getCell(int)" because "row" is null]]>
            </message>
            <full-stacktrace>
              <![CDATA[java.lang.RuntimeException: java.lang.NullPointerException: Cannot invoke "org.apache.poi.xssf.usermodel.XSSFRow.getCell(int)" because "row" is null
at org.testng.internal.invokers.MethodInvocationHelper.invokeMethodNoCheckedException(MethodInvocationHelper.java:57)
at org.testng.internal.invokers.MethodInvocationHelper.invokeDataProvider(MethodInvocationHelper.java:157)
at org.testng.internal.Parameters.handleParameters(Parameters.java:791)
at org.testng.internal.Parameters.handleParameters(Parameters.java:728)
at org.testng.internal.invokers.ParameterHandler.handleParameters(ParameterHandler.java:72)
at org.testng.internal.invokers.ParameterHandler.createParameters(ParameterHandler.java:51)
at org.testng.internal.invokers.TestInvoker$MethodInvocationAgent.invoke(TestInvoker.java:917)
at org.testng.internal.invokers.TestInvoker.invokeTestMethods(TestInvoker.java:194)
at org.testng.internal.invokers.TestMethodWorker.invokeTestMethods(TestMethodWorker.java:148)
at org.testng.internal.invokers.TestMethodWorker.run(TestMethodWorker.java:128)
at java.base/java.util.ArrayList.forEach(ArrayList.java:1511)
at org.testng.TestRunner.privateRun(TestRunner.java:806)
at org.testng.TestRunner.run(TestRunner.java:601)
at org.testng.SuiteRunner.runTest(SuiteRunner.java:433)
at org.testng.SuiteRunner.runSequentially(SuiteRunner.java:427)
at org.testng.SuiteRunner.privateRun(SuiteRunner.java:387)
at org.testng.SuiteRunner.run(SuiteRunner.java:330)
at org.testng.SuiteRunnerWorker.runSuite(SuiteRunnerWorker.java:52)
at org.testng.SuiteRunnerWorker.run(SuiteRunnerWorker.java:95)
at org.testng.TestNG.runSuitesSequentially(TestNG.java:1256)
at org.testng.TestNG.runSuitesLocally(TestNG.java:1176)
at org.testng.TestNG.runSuites(TestNG.java:1099)
at org.testng.TestNG.run(TestNG.java:1067)
at org.testng.remote.AbstractRemoteTestNG.run(AbstractRemoteTestNG.java:115)
at org.testng.remote.RemoteTestNG.initAndRun(RemoteTestNG.java:251)
at org.testng.remote.RemoteTestNG.main(RemoteTestNG.java:77)
Caused by: java.lang.NullPointerException: Cannot invoke "org.apache.poi.xssf.usermodel.XSSFRow.getCell(int)" because "row" is null
at com.qa.tutorialsninja.utils.utilities.getTestDataFromExcel(utilities.java:42)
at com.tutorialsninja.qa.test.Login.dataSupplier(Login.java:49)
at java.base/jdk.internal.reflect.NativeMethodAccessorImpl.invoke0(Native Method)
at java.base/jdk.internal.reflect.NativeMethodAccessorImpl.invoke(NativeMethodAccessorImpl.java:77)
at java.base/jdk.internal.reflect.DelegatingMethodAccessorImpl.invoke(DelegatingMethodAccessorImpl.java:43)
at java.base/java.lang.reflect.Method.invoke(Method.java:568)
at org.testng.internal.invokers.MethodInvocationHelper.invokeMethod(MethodInvocationHelper.java:139)
at org.testng.internal.invokers.MethodInvocationHelper.invokeMethod(MethodInvocationHelper.java:84)
at org.testng.internal.invokers.MethodInvocationHelper.invokeMethodNoCheckedException(MethodInvocationHelper.java:53)
... 25 more
]]>
            </full-stacktrace>
          </exception> <!-- java.lang.RuntimeException -->
          <reporter-output>
          </reporter-output>
        </test-method> <!-- loginWithValidCredentials -->
        <test-method is-config="true" signature="setUp()[pri:0, instance:com.tutorialsninja.qa.test.Login@428640fa]" started-at="2024-04-21T17:45:39 IST" name="setUp" finished-at="2024-04-21T17:45:43 IST" duration-ms="3851" status="PASS">
          <reporter-output>
          </reporter-output>
        </test-method> <!-- setUp -->
        <test-method signature="loginwithInvalidcredentials()[pri:2, instance:com.tutorialsninja.qa.test.Login@428640fa]" started-at="2024-04-21T17:45:43 IST" name="loginwithInvalidcredentials" finished-at="2024-04-21T17:45:43 IST" duration-ms="607" status="PASS">
          <reporter-output>
          </reporter-output>
        </test-method> <!-- loginwithInvalidcredentials -->
        <test-method is-config="true" signature="tearDown()[pri:0, instance:com.tutorialsninja.qa.test.Login@428640fa]" started-at="2024-04-21T17:45:43 IST" name="tearDown" finished-at="2024-04-21T17:45:44 IST" duration-ms="147" status="PASS">
          <reporter-output>
          </reporter-output>
        </test-method> <!-- tearDown -->
        <test-method is-config="true" signature="setUp()[pri:0, instance:com.tutorialsninja.qa.test.Login@428640fa]" started-at="2024-04-21T17:45:44 IST" name="setUp" finished-at="2024-04-21T17:45:46 IST" duration-ms="2017" status="PASS">
          <reporter-output>
          </reporter-output>
        </test-method> <!-- setUp -->
        <test-method signature="loginWithInvalidEmailValidPass()[pri:3, instance:com.tutorialsninja.qa.test.Login@428640fa]" started-at="2024-04-21T17:45:46 IST" name="loginWithInvalidEmailValidPass" finished-at="2024-04-21T17:45:46 IST" duration-ms="570" status="PASS">
          <reporter-output>
          </reporter-output>
        </test-method> <!-- loginWithInvalidEmailValidPass -->
        <test-method is-config="true" signature="tearDown()[pri:0, instance:com.tutorialsninja.qa.test.Login@428640fa]" started-at="2024-04-21T17:45:46 IST" name="tearDown" finished-at="2024-04-21T17:45:46 IST" duration-ms="118" status="PASS">
          <reporter-output>
          </reporter-output>
        </test-method> <!-- tearDown -->
        <test-method is-config="true" signature="setUp()[pri:0, instance:com.tutorialsninja.qa.test.Login@428640fa]" started-at="2024-04-21T17:45:46 IST" name="setUp" finished-at="2024-04-21T17:45:49 IST" duration-ms="2318" status="PASS">
          <reporter-output>
          </reporter-output>
        </test-method> <!-- setUp -->
        <test-method signature="loginWithValidEmailInvalidPass()[pri:4, instance:com.tutorialsninja.qa.test.Login@428640fa]" started-at="2024-04-21T17:45:49 IST" name="loginWithValidEmailInvalidPass" finished-at="2024-04-21T17:45:49 IST" duration-ms="578" status="PASS">
          <reporter-output>
          </reporter-output>
        </test-method> <!-- loginWithValidEmailInvalidPass -->
        <test-method is-config="true" signature="tearDown()[pri:0, instance:com.tutorialsninja.qa.test.Login@428640fa]" started-at="2024-04-21T17:45:49 IST" name="tearDown" finished-at="2024-04-21T17:45:49 IST" duration-ms="146" status="PASS">
          <reporter-output>
          </reporter-output>
        </test-method> <!-- tearDown -->
        <test-method is-config="true" signature="setUp()[pri:0, instance:com.tutorialsninja.qa.test.Login@428640fa]" started-at="2024-04-21T17:45:49 IST" name="setUp" finished-at="2024-04-21T17:45:51 IST" duration-ms="1926" status="PASS">
          <reporter-output>
          </reporter-output>
        </test-method> <!-- setUp -->
        <test-method signature="loginWithoutProvidingCredentials()[pri:5, instance:com.tutorialsninja.qa.test.Login@428640fa]" started-at="2024-04-21T17:45:51 IST" name="loginWithoutProvidingCredentials" finished-at="2024-04-21T17:45:52 IST" duration-ms="414" status="PASS">
          <reporter-output>
          </reporter-output>
        </test-method> <!-- loginWithoutProvidingCredentials -->
        <test-method is-config="true" signature="tearDown()[pri:0, instance:com.tutorialsninja.qa.test.Login@428640fa]" started-at="2024-04-21T17:45:52 IST" name="tearDown" finished-at="2024-04-21T17:45:52 IST" duration-ms="118" status="PASS">
          <reporter-output>
          </reporter-output>
        </test-method> <!-- tearDown -->
      </class> <!-- com.tutorialsninja.qa.test.Login -->
    </test> <!-- Default test -->
  </suite> <!-- Default suite -->
</testng-results>
